<?xml version="1.0" encoding="UTF-8"?>
<testsuite name="com.telran.celenium.LoginToEbay" tests="1" skipped="0" failures="0" errors="0" timestamp="2019-08-22T17:34:04" hostname="Tel-Ran15-HP" time="37.328">
  <properties/>
  <testcase name="loginTest" classname="com.telran.celenium.LoginToEbay" time="37.328"/>
  <system-out><![CDATA[]]></system-out>
  <system-err><![CDATA[Starting ChromeDriver 77.0.3865.40 (f484704e052e0b556f8030b65b953dce96503217-refs/branch-heads/3865@{#442}) on port 31686
Only local connections are allowed.
Please protect ports used by ChromeDriver and related test frameworks to prevent access by malicious code.
Aug 22, 2019 8:34:04 PM org.openqa.selenium.remote.ProtocolHandshake createSession
INFO: Detected dialect: W3C
]]></system-err>
</testsuite>
