<?xml version="1.0" encoding="UTF-8"?>
<testsuite name="com.telran.celenium.OpenGoogleTest" tests="1" skipped="0" failures="0" errors="0" timestamp="2019-08-21T21:00:44" hostname="DESKTOP-5RUG8UI" time="12.64">
  <properties/>
  <testcase name="setUp" classname="com.telran.celenium.OpenGoogleTest" time="12.64"/>
  <system-out><![CDATA[]]></system-out>
  <system-err><![CDATA[Starting ChromeDriver 76.0.3809.126 (d80a294506b4c9d18015e755cee48f953ddc3f2f-refs/branch-heads/3809@{#1024}) on port 37550
Only local connections are allowed.
Please protect ports used by ChromeDriver and related test frameworks to prevent access by malicious code.
авг 22, 2019 12:00:49 AM org.openqa.selenium.remote.ProtocolHandshake createSession
INFO: Detected dialect: W3C
]]></system-err>
</testsuite>
